2023-01-17 19:03:25,666 :INFO : Test_001_Login :************************* Test_001_Login *************************
2023-01-17 19:03:25,735 :INFO : Test_001_Login :************************* Verifying Home Page Title *************************
2023-01-17 19:03:29,967 :INFO : Test_001_Login :************************* Home Page Title is passed *************************
2023-01-17 19:03:47,365 :INFO : Test_001_Login :************************* Verifying Login test *************************
2023-01-17 19:03:58,219 :INFO : Test_001_Login :************************* Login test is passed *************************
2023-01-17 19:27:10,946 :INFO : Test_001_Login :************************* Test_001_Login *************************
2023-01-17 19:27:10,959 :INFO : Test_001_Login :************************* Verifying Home Page Title *************************
2023-01-17 19:27:16,770 :INFO : Test_001_Login :************************* Home Page Title is passed *************************
2023-01-17 19:27:18,313 :INFO : Test_001_Login :************************* Verifying Login test *************************
2023-01-17 19:27:29,229 :INFO : Test_001_Login :************************* Login test is passed *************************
2023-01-17 20:06:33,651 :INFO : Test_001_Login :************************* Test_001_Login *************************
2023-01-17 20:06:33,652 :INFO : Test_001_Login :************************* Verifying Home Page Title *************************
2023-01-17 20:06:37,820 :INFO : Test_001_Login :************************* Home Page Title is passed *************************
2023-01-17 20:06:55,222 :INFO : Test_001_Login :************************* Verifying Login test *************************
2023-01-17 20:07:04,810 :INFO : Test_001_Login :************************* Login test is passed *************************
2023-01-17 20:08:53,441 :INFO : Test_001_Login :************************* Test_001_Login *************************
2023-01-17 20:08:53,442 :INFO : Test_001_Login :************************* Verifying Home Page Title *************************
2023-01-17 20:08:58,339 :INFO : Test_001_Login :************************* Home Page Title is passed *************************
2023-01-17 20:09:15,694 :INFO : Test_001_Login :************************* Verifying Login test *************************
2023-01-17 20:09:29,686 :INFO : Test_001_Login :************************* Login test is passed *************************
2023-01-17 20:10:31,315 :INFO : Test_001_Login :************************* Test_001_Login *************************
2023-01-17 20:10:31,315 :INFO : Test_001_Login :************************* Verifying Home Page Title *************************
2023-01-17 20:10:35,518 :INFO : Test_001_Login :************************* Home Page Title is passed *************************
2023-01-17 20:10:36,964 :INFO : Test_001_Login :************************* Verifying Login test *************************
2023-01-17 20:10:49,542 :INFO : Test_001_Login :************************* Login test is passed *************************
